{"level":"info","message":"Grafenda API server running on port 3000","service":"grafenda-backend","timestamp":"2026-05-11T12:10:03.653Z"}
{"level":"info","message":"Socket.IO server running on port 5001","service":"grafenda-backend","timestamp":"2026-05-11T12:10:03.659Z"}
{"level":"info","message":"SIGINT received, shutting down gracefully","service":"grafenda-backend","timestamp":"2026-05-11T12:12:48.472Z"}
{"level":"info","message":"Process terminated","service":"grafenda-backend","timestamp":"2026-05-11T12:12:48.474Z"}
{"level":"info","message":"Grafenda API server running on port 3000","service":"grafenda-backend","timestamp":"2026-05-11T12:14:10.961Z"}
{"level":"info","message":"Socket.IO server running on port 5001","service":"grafenda-backend","timestamp":"2026-05-11T12:14:10.966Z"}
{"level":"info","message":"Grafenda API server running on port 3000","service":"grafenda-backend","timestamp":"2026-05-11T12:55:03.040Z"}
{"level":"info","message":"Socket.IO server running on port 5001","service":"grafenda-backend","timestamp":"2026-05-11T12:55:03.044Z"}
{"level":"info","message":"Grafenda API server running on port 3000","service":"grafenda-backend","timestamp":"2026-05-11T13:57:06.177Z"}
{"level":"info","message":"Socket.IO server running on port 5001","service":"grafenda-backend","timestamp":"2026-05-11T13:57:06.181Z"}
{"level":"info","message":"Grafenda API server running on port 3000","service":"grafenda-backend","timestamp":"2026-05-11T14:21:45.259Z"}
{"level":"info","message":"Socket.IO server running on port 5001","service":"grafenda-backend","timestamp":"2026-05-11T14:21:45.263Z"}
{"level":"info","message":"Grafenda API server running on port 3000","service":"grafenda-backend","timestamp":"2026-05-11T14:31:42.340Z"}
{"level":"info","message":"Socket.IO server running on port 5001","service":"grafenda-backend","timestamp":"2026-05-11T14:31:42.344Z"}
{"level":"info","message":"Grafenda API server running on port 3000","service":"grafenda-backend","timestamp":"2026-05-11T14:33:05.441Z"}
{"level":"info","message":"Socket.IO server running on port 5001","service":"grafenda-backend","timestamp":"2026-05-11T14:33:05.444Z"}
{"level":"info","message":"Grafenda API server running on port 3000","service":"grafenda-backend","timestamp":"2026-05-11T14:45:30.547Z"}
{"level":"info","message":"Socket.IO server running on port 5001","service":"grafenda-backend","timestamp":"2026-05-11T14:45:30.553Z"}
{"level":"info","message":"Grafenda API server running on port 3000","service":"grafenda-backend","timestamp":"2026-05-11T14:46:29.829Z"}
{"level":"info","message":"Socket.IO server running on port 5001","service":"grafenda-backend","timestamp":"2026-05-11T14:46:29.832Z"}
{"level":"info","message":"Grafenda API server running on port 3000","service":"grafenda-backend","timestamp":"2026-05-11T14:49:05.887Z"}
{"level":"info","message":"Socket.IO server running on port 5001","service":"grafenda-backend","timestamp":"2026-05-11T14:49:05.891Z"}
{"level":"info","message":"Grafenda API server running on port 3000","service":"grafenda-backend","timestamp":"2026-05-11T14:53:14.113Z"}
{"level":"info","message":"Socket.IO server running on port 5001","service":"grafenda-backend","timestamp":"2026-05-11T14:53:14.131Z"}
{"level":"info","message":"Grafenda API server running on port 3000","service":"grafenda-backend","timestamp":"2026-05-12T03:04:15.976Z"}
{"level":"info","message":"Socket.IO server running on port 5001","service":"grafenda-backend","timestamp":"2026-05-12T03:04:15.980Z"}
{"level":"info","message":"Grafenda API server running on port 3000","service":"grafenda-backend","timestamp":"2026-05-12T03:09:22.724Z"}
{"level":"info","message":"Socket.IO server running on port 5001","service":"grafenda-backend","timestamp":"2026-05-12T03:09:22.730Z"}
{"level":"info","message":"Grafenda API server running on port 3000","service":"grafenda-backend","timestamp":"2026-05-12T03:09:25.308Z"}
{"level":"info","message":"Socket.IO server running on port 5001","service":"grafenda-backend","timestamp":"2026-05-12T03:09:25.312Z"}
{"level":"info","message":"Grafenda API server running on port 3000","service":"grafenda-backend","timestamp":"2026-05-12T03:09:32.286Z"}
{"level":"info","message":"Socket.IO server running on port 5001","service":"grafenda-backend","timestamp":"2026-05-12T03:09:32.290Z"}
{"level":"info","message":"Grafenda API server running on port 3000","service":"grafenda-backend","timestamp":"2026-05-12T06:55:57.913Z"}
{"level":"info","message":"Socket.IO server running on port 5001","service":"grafenda-backend","timestamp":"2026-05-12T06:55:57.917Z"}
{"level":"info","message":"Grafenda API server running on port 3000","service":"grafenda-backend","timestamp":"2026-05-13T14:15:26.315Z"}
{"level":"info","message":"Socket.IO server running on port 5001","service":"grafenda-backend","timestamp":"2026-05-13T14:15:26.320Z"}
{"level":"info","message":"Grafenda API server running on port 3000","service":"grafenda-backend","timestamp":"2026-05-13T14:16:09.454Z"}
{"level":"info","message":"Socket.IO server running on port 5001","service":"grafenda-backend","timestamp":"2026-05-13T14:16:09.459Z"}
{"level":"info","message":"Grafenda API server running on port 3000","service":"grafenda-backend","timestamp":"2026-05-13T14:16:32.803Z"}
{"level":"info","message":"Socket.IO server running on port 5001","service":"grafenda-backend","timestamp":"2026-05-13T14:16:32.808Z"}
{"level":"info","message":"Grafenda API server running on port 3000","service":"grafenda-backend","timestamp":"2026-05-13T14:27:59.612Z"}
{"level":"info","message":"Socket.IO server running on port 5001","service":"grafenda-backend","timestamp":"2026-05-13T14:27:59.618Z"}
{"level":"info","message":"Grafenda API server running on port 3000","service":"grafenda-backend","timestamp":"2026-05-13T14:41:57.374Z"}
{"level":"info","message":"Socket.IO server running on port 5001","service":"grafenda-backend","timestamp":"2026-05-13T14:41:57.377Z"}
{"level":"info","message":"Grafenda API server running on port 3000","service":"grafenda-backend","timestamp":"2026-05-13T15:09:36.333Z"}
{"level":"info","message":"Socket.IO server running on port 5001","service":"grafenda-backend","timestamp":"2026-05-13T15:09:36.341Z"}
{"level":"info","message":"Grafenda API server running on port 3000","service":"grafenda-backend","timestamp":"2026-05-13T15:11:18.303Z"}
{"level":"info","message":"Socket.IO server running on port 5001","service":"grafenda-backend","timestamp":"2026-05-13T15:11:18.307Z"}
{"level":"info","message":"Grafenda API server running on port 3000","service":"grafenda-backend","timestamp":"2026-05-13T15:16:39.977Z"}
{"level":"info","message":"Socket.IO server running on port 5001","service":"grafenda-backend","timestamp":"2026-05-13T15:16:39.984Z"}
{"level":"info","message":"Grafenda API server running on port 3000","service":"grafenda-backend","timestamp":"2026-05-13T15:16:56.548Z"}
{"level":"info","message":"Socket.IO server running on port 5001","service":"grafenda-backend","timestamp":"2026-05-13T15:16:56.553Z"}
{"level":"info","message":"Grafenda API server running on port 3000","service":"grafenda-backend","timestamp":"2026-05-13T15:23:42.889Z"}
{"level":"info","message":"Socket.IO server running on port 5001","service":"grafenda-backend","timestamp":"2026-05-13T15:23:42.894Z"}
{"level":"info","message":"Grafenda API server running on port 3000","service":"grafenda-backend","timestamp":"2026-05-13T15:24:09.721Z"}
{"level":"info","message":"Socket.IO server running on port 5001","service":"grafenda-backend","timestamp":"2026-05-13T15:24:09.726Z"}
{"level":"info","message":"Grafenda API server running on port 3000","service":"grafenda-backend","timestamp":"2026-05-13T15:48:21.070Z"}
{"level":"info","message":"Socket.IO server running on port 5001","service":"grafenda-backend","timestamp":"2026-05-13T15:48:21.077Z"}
{"level":"info","message":"Grafenda API server running on port 3000","service":"grafenda-backend","timestamp":"2026-05-13T16:06:27.677Z"}
{"level":"info","message":"Socket.IO server running on port 5001","service":"grafenda-backend","timestamp":"2026-05-13T16:06:27.681Z"}
{"level":"info","message":"Grafenda API server running on port 3000","service":"grafenda-backend","timestamp":"2026-05-13T16:28:07.928Z"}
{"level":"info","message":"Socket.IO server running on port 5001","service":"grafenda-backend","timestamp":"2026-05-13T16:28:07.941Z"}
{"level":"info","message":"Grafenda API server running on port 3000","service":"grafenda-backend","timestamp":"2026-05-13T16:28:50.205Z"}
{"level":"info","message":"Socket.IO server running on port 5001","service":"grafenda-backend","timestamp":"2026-05-13T16:28:50.213Z"}
{"level":"info","message":"Grafenda API server running on port 3000","service":"grafenda-backend","timestamp":"2026-05-13T16:29:15.408Z"}
{"level":"info","message":"Socket.IO server running on port 5001","service":"grafenda-backend","timestamp":"2026-05-13T16:29:15.441Z"}
{"level":"info","message":"Grafenda API server running on port 3000","service":"grafenda-backend","timestamp":"2026-05-13T16:29:46.485Z"}
{"level":"info","message":"Socket.IO server running on port 5001","service":"grafenda-backend","timestamp":"2026-05-13T16:29:46.491Z"}
{"level":"info","message":"Grafenda API server running on port 3000","service":"grafenda-backend","timestamp":"2026-05-13T16:34:12.089Z"}
{"level":"info","message":"Socket.IO server running on port 5001","service":"grafenda-backend","timestamp":"2026-05-13T16:34:12.101Z"}
{"level":"info","message":"Grafenda API server running on port 3000","service":"grafenda-backend","timestamp":"2026-05-13T16:34:28.837Z"}
{"level":"info","message":"Socket.IO server running on port 5001","service":"grafenda-backend","timestamp":"2026-05-13T16:34:28.845Z"}
{"level":"info","message":"Grafenda API server running on port 3000","service":"grafenda-backend","timestamp":"2026-05-13T16:34:51.982Z"}
{"level":"info","message":"Socket.IO server running on port 5001","service":"grafenda-backend","timestamp":"2026-05-13T16:34:51.989Z"}
{"level":"info","message":"Grafenda API server running on port 3000","service":"grafenda-backend","timestamp":"2026-05-13T16:38:34.606Z"}
{"level":"info","message":"Socket.IO server running on port 5001","service":"grafenda-backend","timestamp":"2026-05-13T16:38:34.613Z"}
{"level":"info","message":"Grafenda API server running on port 3000","service":"grafenda-backend","timestamp":"2026-05-13T16:40:12.009Z"}
{"level":"info","message":"Socket.IO server running on port 5001","service":"grafenda-backend","timestamp":"2026-05-13T16:40:12.019Z"}
{"level":"info","message":"Grafenda API server running on port 3000","service":"grafenda-backend","timestamp":"2026-05-14T05:29:07.717Z"}
{"level":"info","message":"Socket.IO server running on port 5001","service":"grafenda-backend","timestamp":"2026-05-14T05:29:07.719Z"}
{"level":"info","message":"Grafenda API server running on port 3000","service":"grafenda-backend","timestamp":"2026-05-14T05:36:45.039Z"}
{"level":"info","message":"Socket.IO server running on port 5001","service":"grafenda-backend","timestamp":"2026-05-14T05:36:45.042Z"}
{"level":"info","message":"Grafenda API server running on port 3000","service":"grafenda-backend","timestamp":"2026-05-14T05:46:33.250Z"}
{"level":"info","message":"Socket.IO server running on port 5001","service":"grafenda-backend","timestamp":"2026-05-14T05:46:33.253Z"}
{"level":"info","message":"Grafenda API server running on port 3000","service":"grafenda-backend","timestamp":"2026-05-14T05:47:20.726Z"}
{"level":"info","message":"Socket.IO server running on port 5001","service":"grafenda-backend","timestamp":"2026-05-14T05:47:20.729Z"}
{"level":"info","message":"Grafenda API server running on port 3000","service":"grafenda-backend","timestamp":"2026-05-14T05:49:46.090Z"}
{"level":"info","message":"Socket.IO server running on port 5001","service":"grafenda-backend","timestamp":"2026-05-14T05:49:46.094Z"}
{"level":"info","message":"Grafenda API server running on port 3000","service":"grafenda-backend","timestamp":"2026-05-14T05:51:48.857Z"}
{"level":"info","message":"Socket.IO server running on port 5001","service":"grafenda-backend","timestamp":"2026-05-14T05:51:48.861Z"}
{"level":"info","message":"Grafenda API server running on port 3000","service":"grafenda-backend","timestamp":"2026-05-14T05:52:57.260Z"}
{"level":"info","message":"Socket.IO server running on port 5001","service":"grafenda-backend","timestamp":"2026-05-14T05:52:57.264Z"}
{"level":"info","message":"Grafenda API server running on port 5000","service":"grafenda-backend","timestamp":"2026-05-15T03:20:43.662Z"}
{"level":"info","message":"Socket.IO server running on port 5001","service":"grafenda-backend","timestamp":"2026-05-15T03:20:43.669Z"}
{"level":"info","message":"Grafenda API server running on port 5000","service":"grafenda-backend","timestamp":"2026-05-15T03:39:11.232Z"}
{"level":"info","message":"Socket.IO server running on port 5001","service":"grafenda-backend","timestamp":"2026-05-15T03:39:11.236Z"}
{"level":"info","message":"Grafenda API server running on port 5000","service":"grafenda-backend","timestamp":"2026-05-15T03:39:19.857Z"}
{"level":"info","message":"Socket.IO server running on port 5001","service":"grafenda-backend","timestamp":"2026-05-15T03:39:19.860Z"}
{"level":"info","message":"Grafenda API server running on port 3000","service":"grafenda-backend","timestamp":"2026-05-15T03:44:12.822Z"}
{"level":"info","message":"Socket.IO server running on port 5001","service":"grafenda-backend","timestamp":"2026-05-15T03:44:12.825Z"}
{"level":"info","message":"Grafenda API server running on port 3000","service":"grafenda-backend","timestamp":"2026-05-15T03:45:41.590Z"}
{"level":"info","message":"Socket.IO server running on port 5001","service":"grafenda-backend","timestamp":"2026-05-15T03:45:41.593Z"}
{"level":"info","message":"SIGINT received, shutting down gracefully","service":"grafenda-backend","timestamp":"2026-05-15T03:47:49.963Z"}
{"level":"info","message":"Grafenda API server running on port 3000","service":"grafenda-backend","timestamp":"2026-05-15T03:49:27.879Z"}
{"level":"info","message":"Socket.IO server running on port 5001","service":"grafenda-backend","timestamp":"2026-05-15T03:49:27.882Z"}
{"level":"info","message":"Grafenda API server running on port 3000","service":"grafenda-backend","timestamp":"2026-05-15T03:55:29.688Z"}
{"level":"info","message":"Socket.IO server running on port 5001","service":"grafenda-backend","timestamp":"2026-05-15T03:55:29.691Z"}
{"level":"info","message":"Grafenda API server running on port 3000","service":"grafenda-backend","timestamp":"2026-05-15T04:07:02.701Z"}
{"level":"info","message":"Socket.IO server running on port 5001","service":"grafenda-backend","timestamp":"2026-05-15T04:07:02.704Z"}
{"level":"info","message":"Grafenda API server running on port 3000","service":"grafenda-backend","timestamp":"2026-05-15T04:12:02.902Z"}
{"level":"info","message":"Socket.IO server running on port 5001","service":"grafenda-backend","timestamp":"2026-05-15T04:12:02.906Z"}
{"level":"info","message":"Grafenda API server running on port 3000","service":"grafenda-backend","timestamp":"2026-05-15T04:12:17.743Z"}
{"level":"info","message":"Socket.IO server running on port 5001","service":"grafenda-backend","timestamp":"2026-05-15T04:12:17.746Z"}
{"level":"info","message":"Grafenda API server running on port 3000","service":"grafenda-backend","timestamp":"2026-05-15T04:18:53.234Z"}
{"level":"info","message":"Socket.IO server running on port 5001","service":"grafenda-backend","timestamp":"2026-05-15T04:18:53.239Z"}
{"level":"info","message":"Grafenda API server running on port 3000","service":"grafenda-backend","timestamp":"2026-05-15T04:31:07.539Z"}
{"level":"info","message":"Socket.IO server running on port 5001","service":"grafenda-backend","timestamp":"2026-05-15T04:31:07.542Z"}
{"level":"info","message":"Grafenda API server running on port 3000","service":"grafenda-backend","timestamp":"2026-05-15T04:31:27.951Z"}
{"level":"info","message":"Socket.IO server running on port 5001","service":"grafenda-backend","timestamp":"2026-05-15T04:31:27.954Z"}
{"level":"info","message":"Grafenda API server running on port 3000","service":"grafenda-backend","timestamp":"2026-05-15T04:31:37.789Z"}
{"level":"info","message":"Socket.IO server running on port 5001","service":"grafenda-backend","timestamp":"2026-05-15T04:31:37.794Z"}
{"level":"info","message":"Grafenda API server running on port 3000","service":"grafenda-backend","timestamp":"2026-05-15T05:03:32.060Z"}
{"level":"info","message":"Socket.IO server running on port 5001","service":"grafenda-backend","timestamp":"2026-05-15T05:03:32.071Z"}
{"level":"info","message":"Grafenda API server running on port 5000","service":"grafenda-backend","timestamp":"2026-05-15T05:05:30.106Z"}
{"level":"info","message":"Socket.IO server running on port 5001","service":"grafenda-backend","timestamp":"2026-05-15T05:05:30.112Z"}
{"level":"info","message":"Grafenda API server running on port 3000","service":"grafenda-backend","timestamp":"2026-05-15T05:07:07.843Z"}
{"level":"info","message":"Socket.IO server running on port 5001","service":"grafenda-backend","timestamp":"2026-05-15T05:07:07.852Z"}
{"level":"info","message":"Grafenda API server running on port 3000","service":"grafenda-backend","timestamp":"2026-05-15T05:07:25.539Z"}
{"level":"info","message":"Socket.IO server running on port 5001","service":"grafenda-backend","timestamp":"2026-05-15T05:07:25.543Z"}
{"level":"info","message":"Grafenda API server running on port 3000","service":"grafenda-backend","timestamp":"2026-05-15T05:11:21.810Z"}
{"level":"info","message":"Socket.IO server running on port 5001","service":"grafenda-backend","timestamp":"2026-05-15T05:11:21.818Z"}
{"level":"info","message":"Grafenda API server running on port 3000","service":"grafenda-backend","timestamp":"2026-05-15T05:12:04.506Z"}
{"level":"info","message":"Socket.IO server running on port 5001","service":"grafenda-backend","timestamp":"2026-05-15T05:12:04.521Z"}
{"level":"info","message":"Grafenda API server running on port 3000","service":"grafenda-backend","timestamp":"2026-05-15T05:16:42.141Z"}
{"level":"info","message":"Socket.IO server running on port 5001","service":"grafenda-backend","timestamp":"2026-05-15T05:16:42.146Z"}
{"level":"info","message":"Grafenda API server running on port 3000","service":"grafenda-backend","timestamp":"2026-05-15T05:20:25.101Z"}
{"level":"info","message":"Socket.IO server running on port 5001","service":"grafenda-backend","timestamp":"2026-05-15T05:20:25.105Z"}
{"level":"info","message":"Grafenda API server running on port 3000","service":"grafenda-backend","timestamp":"2026-05-15T05:30:30.019Z"}
{"level":"info","message":"Socket.IO server running on port 5001","service":"grafenda-backend","timestamp":"2026-05-15T05:30:30.022Z"}
{"level":"info","message":"Grafenda API server running on port 3000","service":"grafenda-backend","timestamp":"2026-05-15T05:30:55.926Z"}
{"level":"info","message":"Socket.IO server running on port 5001","service":"grafenda-backend","timestamp":"2026-05-15T05:30:55.929Z"}
{"level":"info","message":"Grafenda API server running on port 3000","service":"grafenda-backend","timestamp":"2026-05-15T05:39:50.871Z"}
{"level":"info","message":"Socket.IO server running on port 5001","service":"grafenda-backend","timestamp":"2026-05-15T05:39:50.874Z"}
{"level":"info","message":"Grafenda API server running on port 3000","service":"grafenda-backend","timestamp":"2026-05-15T05:46:23.472Z"}
{"level":"info","message":"Socket.IO server running on port 5001","service":"grafenda-backend","timestamp":"2026-05-15T05:46:23.476Z"}
{"level":"info","message":"Grafenda API server running on port 3000","service":"grafenda-backend","timestamp":"2026-05-15T06:36:15.210Z"}
{"level":"info","message":"Socket.IO server running on port 5001","service":"grafenda-backend","timestamp":"2026-05-15T06:36:15.212Z"}
{"level":"info","message":"Grafenda API server running on port 3000","service":"grafenda-backend","timestamp":"2026-05-15T06:55:33.534Z"}
{"level":"info","message":"Socket.IO server running on port 5001","service":"grafenda-backend","timestamp":"2026-05-15T06:55:33.540Z"}
{"level":"info","message":"Grafenda API server running on port 3000","service":"grafenda-backend","timestamp":"2026-05-15T06:58:24.982Z"}
{"level":"info","message":"Socket.IO server running on port 5001","service":"grafenda-backend","timestamp":"2026-05-15T06:58:24.985Z"}
{"level":"info","message":"Grafenda API server running on port 3000","service":"grafenda-backend","timestamp":"2026-05-15T07:08:45.662Z"}
{"level":"info","message":"Socket.IO server running on port 5001","service":"grafenda-backend","timestamp":"2026-05-15T07:08:45.669Z"}
{"level":"info","message":"Grafenda API server running on port 3000","service":"grafenda-backend","timestamp":"2026-05-16T10:38:41.976Z"}
{"level":"info","message":"Socket.IO server running on port 5001","service":"grafenda-backend","timestamp":"2026-05-16T10:38:41.980Z"}
{"level":"info","message":"Grafenda API server running on port 3000","service":"grafenda-backend","timestamp":"2026-05-16T15:58:19.995Z"}
{"level":"info","message":"Socket.IO server running on port 5001","service":"grafenda-backend","timestamp":"2026-05-16T15:58:19.999Z"}
{"level":"info","message":"Grafenda API server running on port 3000","service":"grafenda-backend","timestamp":"2026-05-17T07:02:11.926Z"}
{"level":"info","message":"Socket.IO server running on port 5001","service":"grafenda-backend","timestamp":"2026-05-17T07:02:11.930Z"}
{"level":"info","message":"SIGINT received, shutting down gracefully","service":"grafenda-backend","timestamp":"2026-05-17T07:03:47.592Z"}
{"level":"info","message":"Grafenda API server running on port 3000","service":"grafenda-backend","timestamp":"2026-05-17T07:03:54.968Z"}
{"level":"info","message":"Socket.IO server running on port 5001","service":"grafenda-backend","timestamp":"2026-05-17T07:03:54.972Z"}
{"level":"info","message":"SIGINT received, shutting down gracefully","service":"grafenda-backend","timestamp":"2026-05-17T07:07:37.629Z"}
{"level":"info","message":"Process terminated","service":"grafenda-backend","timestamp":"2026-05-17T07:07:37.633Z"}
{"level":"info","message":"Grafenda API server running on port 3000","service":"grafenda-backend","timestamp":"2026-05-17T07:07:43.411Z"}
{"level":"info","message":"Socket.IO server running on port 5001","service":"grafenda-backend","timestamp":"2026-05-17T07:07:43.415Z"}
{"level":"info","message":"Grafenda API server running on port 3000","service":"grafenda-backend","timestamp":"2026-05-17T07:16:26.509Z"}
{"level":"info","message":"Socket.IO server running on port 5001","service":"grafenda-backend","timestamp":"2026-05-17T07:16:26.512Z"}
{"level":"info","message":"Grafenda API server running on port 3000","service":"grafenda-backend","timestamp":"2026-05-17T07:16:45.440Z"}
{"level":"info","message":"Socket.IO server running on port 5001","service":"grafenda-backend","timestamp":"2026-05-17T07:16:45.443Z"}
{"level":"info","message":"Grafenda API server running on port 3000","service":"grafenda-backend","timestamp":"2026-05-17T07:17:35.566Z"}
{"level":"info","message":"Socket.IO server running on port 5001","service":"grafenda-backend","timestamp":"2026-05-17T07:17:35.570Z"}
{"level":"info","message":"Grafenda API server running on port 3000","service":"grafenda-backend","timestamp":"2026-05-17T07:29:29.874Z"}
{"level":"info","message":"Socket.IO server running on port 5001","service":"grafenda-backend","timestamp":"2026-05-17T07:29:29.880Z"}
{"level":"info","message":"Grafenda API server running on port 3000","service":"grafenda-backend","timestamp":"2026-05-17T07:30:46.738Z"}
{"level":"info","message":"Socket.IO server running on port 5001","service":"grafenda-backend","timestamp":"2026-05-17T07:30:46.741Z"}
{"level":"info","message":"Grafenda API server running on port 3000","service":"grafenda-backend","timestamp":"2026-05-17T07:31:05.800Z"}
{"level":"info","message":"Socket.IO server running on port 5001","service":"grafenda-backend","timestamp":"2026-05-17T07:31:05.804Z"}
{"level":"info","message":"Grafenda API server running on port 3000","service":"grafenda-backend","timestamp":"2026-05-17T07:31:27.632Z"}
{"level":"info","message":"Socket.IO server running on port 5001","service":"grafenda-backend","timestamp":"2026-05-17T07:31:27.635Z"}
{"level":"info","message":"Grafenda API server running on port 3000","service":"grafenda-backend","timestamp":"2026-05-17T07:32:00.775Z"}
{"level":"info","message":"Socket.IO server running on port 5001","service":"grafenda-backend","timestamp":"2026-05-17T07:32:00.779Z"}
{"level":"info","message":"Grafenda API server running on port 3000","service":"grafenda-backend","timestamp":"2026-05-17T07:32:04.316Z"}
{"level":"info","message":"Socket.IO server running on port 5001","service":"grafenda-backend","timestamp":"2026-05-17T07:32:04.319Z"}
{"level":"info","message":"Grafenda API server running on port 3000","service":"grafenda-backend","timestamp":"2026-05-17T07:35:39.614Z"}
{"level":"info","message":"Socket.IO server running on port 5001","service":"grafenda-backend","timestamp":"2026-05-17T07:35:39.618Z"}
{"level":"info","message":"Grafenda API server running on port 3000","service":"grafenda-backend","timestamp":"2026-05-17T07:35:43.747Z"}
{"level":"info","message":"Socket.IO server running on port 5001","service":"grafenda-backend","timestamp":"2026-05-17T07:35:43.752Z"}
{"level":"info","message":"Grafenda API server running on port 3000","service":"grafenda-backend","timestamp":"2026-05-17T07:39:53.111Z"}
{"level":"info","message":"Socket.IO server running on port 5001","service":"grafenda-backend","timestamp":"2026-05-17T07:39:53.115Z"}
{"level":"info","message":"Grafenda API server running on port 3000","service":"grafenda-backend","timestamp":"2026-05-17T07:39:57.909Z"}
{"level":"info","message":"Socket.IO server running on port 5001","service":"grafenda-backend","timestamp":"2026-05-17T07:39:57.913Z"}
{"level":"info","message":"Grafenda API server running on port 3000","service":"grafenda-backend","timestamp":"2026-05-17T07:40:00.302Z"}
{"level":"info","message":"Socket.IO server running on port 5001","service":"grafenda-backend","timestamp":"2026-05-17T07:40:00.306Z"}
{"level":"info","message":"Grafenda API server running on port 3000","service":"grafenda-backend","timestamp":"2026-05-17T07:55:26.970Z"}
{"level":"info","message":"Socket.IO server running on port 5001","service":"grafenda-backend","timestamp":"2026-05-17T07:55:26.974Z"}
{"level":"info","message":"Grafenda API server running on port 3000","service":"grafenda-backend","timestamp":"2026-05-17T07:55:40.829Z"}
{"level":"info","message":"Socket.IO server running on port 5001","service":"grafenda-backend","timestamp":"2026-05-17T07:55:40.832Z"}
{"level":"info","message":"Grafenda API server running on port 3000","service":"grafenda-backend","timestamp":"2026-05-17T07:57:35.208Z"}
{"level":"info","message":"Socket.IO server running on port 5001","service":"grafenda-backend","timestamp":"2026-05-17T07:57:35.213Z"}
{"level":"info","message":"Grafenda API server running on port 3000","service":"grafenda-backend","timestamp":"2026-05-17T07:57:56.716Z"}
{"level":"info","message":"Socket.IO server running on port 5001","service":"grafenda-backend","timestamp":"2026-05-17T07:57:56.720Z"}
{"level":"info","message":"Grafenda API server running on port 3000","service":"grafenda-backend","timestamp":"2026-05-17T08:02:48.512Z"}
{"level":"info","message":"Socket.IO server running on port 5001","service":"grafenda-backend","timestamp":"2026-05-17T08:02:48.515Z"}
{"level":"info","message":"Grafenda API server running on port 3000","service":"grafenda-backend","timestamp":"2026-05-17T08:07:48.014Z"}
{"level":"info","message":"Socket.IO server running on port 5001","service":"grafenda-backend","timestamp":"2026-05-17T08:07:48.018Z"}
{"level":"info","message":"Grafenda API server running on port 3000","service":"grafenda-backend","timestamp":"2026-05-17T08:08:09.133Z"}
{"level":"info","message":"Socket.IO server running on port 5001","service":"grafenda-backend","timestamp":"2026-05-17T08:08:09.137Z"}
{"level":"info","message":"Grafenda API server running on port 3000","service":"grafenda-backend","timestamp":"2026-05-17T08:10:02.653Z"}
{"level":"info","message":"Socket.IO server running on port 5001","service":"grafenda-backend","timestamp":"2026-05-17T08:10:02.657Z"}
{"level":"info","message":"Grafenda API server running on port 3000","service":"grafenda-backend","timestamp":"2026-05-17T08:10:23.132Z"}
{"level":"info","message":"Socket.IO server running on port 5001","service":"grafenda-backend","timestamp":"2026-05-17T08:10:23.136Z"}
{"level":"info","message":"Grafenda API server running on port 3000","service":"grafenda-backend","timestamp":"2026-05-17T08:10:24.550Z"}
{"level":"info","message":"Socket.IO server running on port 5001","service":"grafenda-backend","timestamp":"2026-05-17T08:10:24.554Z"}
{"level":"info","message":"Grafenda API server running on port 3000","service":"grafenda-backend","timestamp":"2026-05-17T08:10:27.969Z"}
{"level":"info","message":"Socket.IO server running on port 5001","service":"grafenda-backend","timestamp":"2026-05-17T08:10:27.973Z"}
{"level":"info","message":"Grafenda API server running on port 3000","service":"grafenda-backend","timestamp":"2026-05-17T08:10:30.422Z"}
{"level":"info","message":"Socket.IO server running on port 5001","service":"grafenda-backend","timestamp":"2026-05-17T08:10:30.426Z"}
{"level":"info","message":"Grafenda API server running on port 3000","service":"grafenda-backend","timestamp":"2026-05-17T08:10:33.407Z"}
{"level":"info","message":"Socket.IO server running on port 5001","service":"grafenda-backend","timestamp":"2026-05-17T08:10:33.412Z"}
{"level":"info","message":"Grafenda API server running on port 3000","service":"grafenda-backend","timestamp":"2026-05-17T08:10:44.613Z"}
{"level":"info","message":"Socket.IO server running on port 5001","service":"grafenda-backend","timestamp":"2026-05-17T08:10:44.617Z"}
{"level":"info","message":"Grafenda API server running on port 3000","service":"grafenda-backend","timestamp":"2026-05-17T09:52:59.692Z"}
{"level":"info","message":"Socket.IO server running on port 5001","service":"grafenda-backend","timestamp":"2026-05-17T09:52:59.695Z"}
{"level":"info","message":"Grafenda API server running on port 3000","service":"grafenda-backend","timestamp":"2026-05-17T09:53:29.960Z"}
{"level":"info","message":"Socket.IO server running on port 5001","service":"grafenda-backend","timestamp":"2026-05-17T09:53:29.963Z"}
{"level":"info","message":"Grafenda API server running on port 3000","service":"grafenda-backend","timestamp":"2026-05-17T10:04:46.879Z"}
{"level":"info","message":"Socket.IO server running on port 5001","service":"grafenda-backend","timestamp":"2026-05-17T10:04:46.882Z"}
{"level":"info","message":"Grafenda API server running on port 3000","service":"grafenda-backend","timestamp":"2026-05-17T10:18:36.241Z"}
{"level":"info","message":"Socket.IO server running on port 5001","service":"grafenda-backend","timestamp":"2026-05-17T10:18:36.244Z"}
{"level":"info","message":"Grafenda API server running on port 3000","service":"grafenda-backend","timestamp":"2026-05-17T10:20:27.240Z"}
{"level":"info","message":"Socket.IO server running on port 5001","service":"grafenda-backend","timestamp":"2026-05-17T10:20:27.243Z"}
{"level":"info","message":"Grafenda API server running on port 3000","service":"grafenda-backend","timestamp":"2026-05-17T10:20:29.096Z"}
{"level":"info","message":"Socket.IO server running on port 5001","service":"grafenda-backend","timestamp":"2026-05-17T10:20:29.100Z"}
{"level":"info","message":"Grafenda API server running on port 3000","service":"grafenda-backend","timestamp":"2026-05-17T10:20:47.611Z"}
{"level":"info","message":"Socket.IO server running on port 5001","service":"grafenda-backend","timestamp":"2026-05-17T10:20:47.614Z"}
{"level":"info","message":"Grafenda API server running on port 3000","service":"grafenda-backend","timestamp":"2026-05-17T12:39:11.708Z"}
{"level":"info","message":"Socket.IO server running on port 5001","service":"grafenda-backend","timestamp":"2026-05-17T12:39:11.712Z"}
{"level":"info","message":"Grafenda API server running on port 3000","service":"grafenda-backend","timestamp":"2026-05-17T14:14:44.000Z"}
{"level":"info","message":"Socket.IO server running on port 5001","service":"grafenda-backend","timestamp":"2026-05-17T14:14:44.004Z"}
{"level":"info","message":"Grafenda API server running on port 3000","service":"grafenda-backend","timestamp":"2026-05-17T14:22:51.491Z"}
{"level":"info","message":"Socket.IO server running on port 5001","service":"grafenda-backend","timestamp":"2026-05-17T14:22:51.494Z"}
{"level":"info","message":"Grafenda API server running on port 3000","service":"grafenda-backend","timestamp":"2026-05-17T14:22:52.889Z"}
{"level":"info","message":"Socket.IO server running on port 5001","service":"grafenda-backend","timestamp":"2026-05-17T14:22:52.892Z"}
{"level":"info","message":"Grafenda API server running on port 3000","service":"grafenda-backend","timestamp":"2026-05-17T14:22:58.006Z"}
{"level":"info","message":"Socket.IO server running on port 5001","service":"grafenda-backend","timestamp":"2026-05-17T14:22:58.009Z"}
{"level":"info","message":"Grafenda API server running on port 3000","service":"grafenda-backend","timestamp":"2026-05-17T14:34:20.649Z"}
{"level":"info","message":"Socket.IO server running on port 5001","service":"grafenda-backend","timestamp":"2026-05-17T14:34:20.653Z"}
{"level":"info","message":"Grafenda API server running on port 3000","service":"grafenda-backend","timestamp":"2026-05-17T15:01:48.121Z"}
{"level":"info","message":"Socket.IO server running on port 5001","service":"grafenda-backend","timestamp":"2026-05-17T15:01:48.124Z"}
{"level":"info","message":"Grafenda API server running on port 3000","service":"grafenda-backend","timestamp":"2026-05-17T15:25:31.164Z"}
{"level":"info","message":"Socket.IO server running on port 5001","service":"grafenda-backend","timestamp":"2026-05-17T15:25:31.168Z"}
{"level":"info","message":"Grafenda API server running on port 3000","service":"grafenda-backend","timestamp":"2026-05-17T15:26:37.537Z"}
{"level":"info","message":"Socket.IO server running on port 5001","service":"grafenda-backend","timestamp":"2026-05-17T15:26:37.540Z"}
{"level":"info","message":"Grafenda API server running on port 3000","service":"grafenda-backend","timestamp":"2026-05-17T15:27:53.211Z"}
{"level":"info","message":"Socket.IO server running on port 5001","service":"grafenda-backend","timestamp":"2026-05-17T15:27:53.214Z"}
{"level":"info","message":"Grafenda API server running on port 3000","service":"grafenda-backend","timestamp":"2026-05-17T15:29:31.034Z"}
{"level":"info","message":"Socket.IO server running on port 5001","service":"grafenda-backend","timestamp":"2026-05-17T15:29:31.040Z"}
{"level":"info","message":"Grafenda API server running on port 3000","service":"grafenda-backend","timestamp":"2026-05-17T15:31:01.236Z"}
{"level":"info","message":"Socket.IO server running on port 5001","service":"grafenda-backend","timestamp":"2026-05-17T15:31:01.242Z"}
{"level":"info","message":"Grafenda API server running on port 3000","service":"grafenda-backend","timestamp":"2026-05-17T15:35:32.682Z"}
{"level":"info","message":"Socket.IO server running on port 5001","service":"grafenda-backend","timestamp":"2026-05-17T15:35:32.685Z"}
{"level":"info","message":"Grafenda API server running on port 3000","service":"grafenda-backend","timestamp":"2026-05-17T15:35:42.185Z"}
{"level":"info","message":"Socket.IO server running on port 5001","service":"grafenda-backend","timestamp":"2026-05-17T15:35:42.189Z"}
{"level":"info","message":"Grafenda API server running on port 3000","service":"grafenda-backend","timestamp":"2026-05-17T15:36:19.618Z"}
{"level":"info","message":"Socket.IO server running on port 5001","service":"grafenda-backend","timestamp":"2026-05-17T15:36:19.621Z"}
{"level":"info","message":"Grafenda API server running on port 3000","service":"grafenda-backend","timestamp":"2026-05-17T15:36:25.719Z"}
{"level":"info","message":"Socket.IO server running on port 5001","service":"grafenda-backend","timestamp":"2026-05-17T15:36:25.725Z"}
{"level":"info","message":"Grafenda API server running on port 3000","service":"grafenda-backend","timestamp":"2026-05-17T15:40:22.736Z"}
{"level":"info","message":"Socket.IO server running on port 5001","service":"grafenda-backend","timestamp":"2026-05-17T15:40:22.740Z"}
{"level":"info","message":"SIGINT received, shutting down gracefully","service":"grafenda-backend","timestamp":"2026-05-17T16:36:42.683Z"}
{"level":"info","message":"Process terminated","service":"grafenda-backend","timestamp":"2026-05-17T16:36:42.688Z"}
{"level":"info","message":"Grafenda API server running on port 3000","service":"grafenda-backend","timestamp":"2026-05-18T04:13:22.538Z"}
{"level":"info","message":"Socket.IO server running on port 5001","service":"grafenda-backend","timestamp":"2026-05-18T04:13:22.541Z"}
{"level":"info","message":"Grafenda API server running on port 3000","service":"grafenda-backend","timestamp":"2026-05-18T04:33:36.454Z"}
{"level":"info","message":"Socket.IO server running on port 5001","service":"grafenda-backend","timestamp":"2026-05-18T04:33:36.460Z"}
{"level":"info","message":"Grafenda API server running on port 3000","service":"grafenda-backend","timestamp":"2026-05-18T04:36:29.681Z"}
{"level":"info","message":"Socket.IO server running on port 5001","service":"grafenda-backend","timestamp":"2026-05-18T04:36:29.684Z"}
{"level":"info","message":"Grafenda API server running on port 3000","service":"grafenda-backend","timestamp":"2026-05-18T04:36:48.958Z"}
{"level":"info","message":"Socket.IO server running on port 5001","service":"grafenda-backend","timestamp":"2026-05-18T04:36:48.961Z"}
{"level":"info","message":"Grafenda API server running on port 3000","service":"grafenda-backend","timestamp":"2026-05-18T04:36:51.253Z"}
{"level":"info","message":"Socket.IO server running on port 5001","service":"grafenda-backend","timestamp":"2026-05-18T04:36:51.256Z"}
{"level":"info","message":"Grafenda API server running on port 3000","service":"grafenda-backend","timestamp":"2026-05-18T04:37:15.612Z"}
{"level":"info","message":"Socket.IO server running on port 5001","service":"grafenda-backend","timestamp":"2026-05-18T04:37:15.615Z"}
{"level":"info","message":"Grafenda API server running on port 3000","service":"grafenda-backend","timestamp":"2026-05-18T04:38:36.438Z"}
{"level":"info","message":"Socket.IO server running on port 5001","service":"grafenda-backend","timestamp":"2026-05-18T04:38:36.442Z"}
{"level":"info","message":"Grafenda API server running on port 3000","service":"grafenda-backend","timestamp":"2026-05-18T04:42:04.388Z"}
{"level":"info","message":"Socket.IO server running on port 5001","service":"grafenda-backend","timestamp":"2026-05-18T04:42:04.391Z"}
{"level":"info","message":"Grafenda API server running on port 3000","service":"grafenda-backend","timestamp":"2026-05-18T05:19:59.348Z"}
{"level":"info","message":"Socket.IO server running on port 5001","service":"grafenda-backend","timestamp":"2026-05-18T05:19:59.352Z"}
{"level":"info","message":"Grafenda API server running on port 3000","service":"grafenda-backend","timestamp":"2026-05-18T05:20:03.514Z"}
{"level":"info","message":"Socket.IO server running on port 5001","service":"grafenda-backend","timestamp":"2026-05-18T05:20:03.519Z"}
{"level":"info","message":"Grafenda API server running on port 3000","service":"grafenda-backend","timestamp":"2026-05-18T05:20:09.769Z"}
{"level":"info","message":"Socket.IO server running on port 5001","service":"grafenda-backend","timestamp":"2026-05-18T05:20:09.773Z"}
{"level":"info","message":"Grafenda API server running on port 3000","service":"grafenda-backend","timestamp":"2026-05-18T05:20:12.391Z"}
{"level":"info","message":"Socket.IO server running on port 5001","service":"grafenda-backend","timestamp":"2026-05-18T05:20:12.396Z"}
{"level":"info","message":"Grafenda API server running on port 3000","service":"grafenda-backend","timestamp":"2026-05-18T05:23:19.150Z"}
{"level":"info","message":"Socket.IO server running on port 5001","service":"grafenda-backend","timestamp":"2026-05-18T05:23:19.154Z"}
{"level":"info","message":"Grafenda API server running on port 3000","service":"grafenda-backend","timestamp":"2026-05-18T05:36:36.225Z"}
{"level":"info","message":"Socket.IO server running on port 5001","service":"grafenda-backend","timestamp":"2026-05-18T05:36:36.231Z"}
{"level":"info","message":"Grafenda API server running on port 3000","service":"grafenda-backend","timestamp":"2026-05-18T05:38:51.487Z"}
{"level":"info","message":"Socket.IO server running on port 5001","service":"grafenda-backend","timestamp":"2026-05-18T05:38:51.490Z"}
{"level":"info","message":"Grafenda API server running on port 3000","service":"grafenda-backend","timestamp":"2026-05-18T05:41:25.383Z"}
{"level":"info","message":"Socket.IO server running on port 5001","service":"grafenda-backend","timestamp":"2026-05-18T05:41:25.387Z"}
{"level":"info","message":"Grafenda API server running on port 3000","service":"grafenda-backend","timestamp":"2026-05-18T05:42:07.836Z"}
{"level":"info","message":"Socket.IO server running on port 5001","service":"grafenda-backend","timestamp":"2026-05-18T05:42:07.839Z"}
{"level":"info","message":"Grafenda API server running on port 3000","service":"grafenda-backend","timestamp":"2026-05-18T05:43:00.226Z"}
{"level":"info","message":"Socket.IO server running on port 5001","service":"grafenda-backend","timestamp":"2026-05-18T05:43:00.230Z"}
{"level":"info","message":"Grafenda API server running on port 3000","service":"grafenda-backend","timestamp":"2026-05-18T05:43:06.773Z"}
{"level":"info","message":"Socket.IO server running on port 5001","service":"grafenda-backend","timestamp":"2026-05-18T05:43:06.778Z"}
{"level":"info","message":"Grafenda API server running on port 3000","service":"grafenda-backend","timestamp":"2026-05-18T05:43:08.468Z"}
{"level":"info","message":"Socket.IO server running on port 5001","service":"grafenda-backend","timestamp":"2026-05-18T05:43:08.471Z"}
{"level":"info","message":"Grafenda API server running on port 3000","service":"grafenda-backend","timestamp":"2026-05-18T05:44:14.974Z"}
{"level":"info","message":"Socket.IO server running on port 5001","service":"grafenda-backend","timestamp":"2026-05-18T05:44:14.978Z"}
{"level":"info","message":"Grafenda API server running on port 3000","service":"grafenda-backend","timestamp":"2026-05-18T05:45:17.990Z"}
{"level":"info","message":"Socket.IO server running on port 5001","service":"grafenda-backend","timestamp":"2026-05-18T05:45:17.995Z"}
{"level":"info","message":"Grafenda API server running on port 3000","service":"grafenda-backend","timestamp":"2026-05-18T05:45:28.776Z"}
{"level":"info","message":"Socket.IO server running on port 5001","service":"grafenda-backend","timestamp":"2026-05-18T05:45:28.782Z"}
{"level":"info","message":"Grafenda API server running on port 3000","service":"grafenda-backend","timestamp":"2026-05-18T05:47:46.108Z"}
{"level":"info","message":"Socket.IO server running on port 5001","service":"grafenda-backend","timestamp":"2026-05-18T05:47:46.112Z"}
{"level":"info","message":"Grafenda API server running on port 3000","service":"grafenda-backend","timestamp":"2026-05-18T05:56:22.257Z"}
{"level":"info","message":"Socket.IO server running on port 5001","service":"grafenda-backend","timestamp":"2026-05-18T05:56:22.261Z"}
{"level":"info","message":"SIGINT received, shutting down gracefully","service":"grafenda-backend","timestamp":"2026-05-18T05:58:12.509Z"}
{"level":"info","message":"Grafenda API server running on port 3000","service":"grafenda-backend","timestamp":"2026-05-18T10:01:16.445Z"}
{"level":"info","message":"Socket.IO server running on port 5001","service":"grafenda-backend","timestamp":"2026-05-18T10:01:16.452Z"}
{"level":"info","message":"Grafenda API server running on port 3000","service":"grafenda-backend","timestamp":"2026-05-18T10:04:50.250Z"}
{"level":"info","message":"Socket.IO server running on port 5001","service":"grafenda-backend","timestamp":"2026-05-18T10:04:50.254Z"}
{"level":"info","message":"Grafenda API server running on port 3000","service":"grafenda-backend","timestamp":"2026-05-18T13:35:37.902Z"}
{"level":"info","message":"Socket.IO server running on port 5001","service":"grafenda-backend","timestamp":"2026-05-18T13:35:37.907Z"}
{"level":"info","message":"Grafenda API server running on port 3000","service":"grafenda-backend","timestamp":"2026-05-18T14:16:15.083Z"}
{"level":"info","message":"Socket.IO server running on port 5001","service":"grafenda-backend","timestamp":"2026-05-18T14:16:15.089Z"}
{"level":"info","message":"Grafenda API server running on port 3000","service":"grafenda-backend","timestamp":"2026-05-18T14:18:11.551Z"}
{"level":"info","message":"Socket.IO server running on port 5001","service":"grafenda-backend","timestamp":"2026-05-18T14:18:11.559Z"}
{"level":"info","message":"Grafenda API server running on port 3000","service":"grafenda-backend","timestamp":"2026-05-18T14:20:22.746Z"}
{"level":"info","message":"Socket.IO server running on port 5001","service":"grafenda-backend","timestamp":"2026-05-18T14:20:22.751Z"}
{"level":"info","message":"Grafenda API server running on port 3000","service":"grafenda-backend","timestamp":"2026-05-18T14:44:16.410Z"}
{"level":"info","message":"Socket.IO server running on port 5001","service":"grafenda-backend","timestamp":"2026-05-18T14:44:16.415Z"}
{"level":"info","message":"Grafenda API server running on port 3000","service":"grafenda-backend","timestamp":"2026-05-18T14:45:19.095Z"}
{"level":"info","message":"Socket.IO server running on port 5001","service":"grafenda-backend","timestamp":"2026-05-18T14:45:19.098Z"}
{"level":"info","message":"Grafenda API server running on port 3000","service":"grafenda-backend","timestamp":"2026-05-18T14:54:28.635Z"}
{"level":"info","message":"Socket.IO server running on port 5001","service":"grafenda-backend","timestamp":"2026-05-18T14:54:28.645Z"}
{"level":"info","message":"Grafenda API server running on port 3000","service":"grafenda-backend","timestamp":"2026-05-18T14:57:02.084Z"}
{"level":"info","message":"Socket.IO server running on port 5001","service":"grafenda-backend","timestamp":"2026-05-18T14:57:02.087Z"}
{"level":"info","message":"Grafenda API server running on port 3000","service":"grafenda-backend","timestamp":"2026-05-18T15:48:25.353Z"}
{"level":"info","message":"Socket.IO server running on port 5001","service":"grafenda-backend","timestamp":"2026-05-18T15:48:25.359Z"}
{"level":"info","message":"Grafenda API server running on port 3000","service":"grafenda-backend","timestamp":"2026-05-18T15:48:44.917Z"}
{"level":"info","message":"Socket.IO server running on port 5001","service":"grafenda-backend","timestamp":"2026-05-18T15:48:44.922Z"}
{"level":"info","message":"Grafenda API server running on port 3000","service":"grafenda-backend","timestamp":"2026-05-18T15:54:17.982Z"}
{"level":"info","message":"Socket.IO server running on port 5001","service":"grafenda-backend","timestamp":"2026-05-18T15:54:17.989Z"}
{"level":"info","message":"Grafenda API server running on port 3000","service":"grafenda-backend","timestamp":"2026-05-18T15:54:36.745Z"}
{"level":"info","message":"Socket.IO server running on port 5001","service":"grafenda-backend","timestamp":"2026-05-18T15:54:36.750Z"}
{"level":"info","message":"Grafenda API server running on port 3000","service":"grafenda-backend","timestamp":"2026-05-18T16:01:20.231Z"}
{"level":"info","message":"Socket.IO server running on port 5001","service":"grafenda-backend","timestamp":"2026-05-18T16:01:20.235Z"}
{"level":"info","message":"Grafenda API server running on port 3000","service":"grafenda-backend","timestamp":"2026-05-18T16:01:38.014Z"}
{"level":"info","message":"Socket.IO server running on port 5001","service":"grafenda-backend","timestamp":"2026-05-18T16:01:38.019Z"}
{"level":"info","message":"Grafenda API server running on port 3000","service":"grafenda-backend","timestamp":"2026-05-18T16:15:12.780Z"}
{"level":"info","message":"Socket.IO server running on port 5001","service":"grafenda-backend","timestamp":"2026-05-18T16:15:12.785Z"}
{"level":"info","message":"Grafenda API server running on port 3000","service":"grafenda-backend","timestamp":"2026-05-18T16:15:23.321Z"}
{"level":"info","message":"Socket.IO server running on port 5001","service":"grafenda-backend","timestamp":"2026-05-18T16:15:23.329Z"}
{"level":"info","message":"Grafenda API server running on port 3000","service":"grafenda-backend","timestamp":"2026-05-18T16:34:36.911Z"}
{"level":"info","message":"Socket.IO server running on port 5001","service":"grafenda-backend","timestamp":"2026-05-18T16:34:36.918Z"}
{"level":"info","message":"SIGINT received, shutting down gracefully","service":"grafenda-backend","timestamp":"2026-05-18T16:37:21.831Z"}
{"level":"info","message":"Grafenda API server running on port 3000","service":"grafenda-backend","timestamp":"2026-05-18T16:37:33.787Z"}
{"level":"info","message":"Socket.IO server running on port 5001","service":"grafenda-backend","timestamp":"2026-05-18T16:37:33.792Z"}
{"level":"info","message":"Grafenda API server running on port 3000","service":"grafenda-backend","timestamp":"2026-05-19T03:41:38.871Z"}
{"level":"info","message":"Socket.IO server running on port 5001","service":"grafenda-backend","timestamp":"2026-05-19T03:41:38.875Z"}
{"level":"info","message":"Grafenda API server running on port 3000","service":"grafenda-backend","timestamp":"2026-05-19T03:47:59.259Z"}
{"level":"info","message":"Socket.IO server running on port 5001","service":"grafenda-backend","timestamp":"2026-05-19T03:47:59.263Z"}
{"level":"info","message":"Grafenda API server running on port 3000","service":"grafenda-backend","timestamp":"2026-05-19T03:48:57.989Z"}
{"level":"info","message":"Socket.IO server running on port 5001","service":"grafenda-backend","timestamp":"2026-05-19T03:48:57.992Z"}
{"level":"info","message":"Grafenda API server running on port 3000","service":"grafenda-backend","timestamp":"2026-05-19T04:02:05.962Z"}
{"level":"info","message":"Socket.IO server running on port 5001","service":"grafenda-backend","timestamp":"2026-05-19T04:02:05.965Z"}
{"level":"info","message":"Grafenda API server running on port 3000","service":"grafenda-backend","timestamp":"2026-05-19T06:14:26.983Z"}
{"level":"info","message":"Socket.IO server running on port 5001","service":"grafenda-backend","timestamp":"2026-05-19T06:14:26.986Z"}
{"level":"info","message":"Grafenda API server running on port 3000","service":"grafenda-backend","timestamp":"2026-05-19T06:15:09.010Z"}
{"level":"info","message":"Socket.IO server running on port 5001","service":"grafenda-backend","timestamp":"2026-05-19T06:15:09.013Z"}
{"level":"info","message":"Grafenda API server running on port 3000","service":"grafenda-backend","timestamp":"2026-05-19T06:32:51.932Z"}
{"level":"info","message":"Socket.IO server running on port 5001","service":"grafenda-backend","timestamp":"2026-05-19T06:32:51.936Z"}
{"level":"info","message":"Grafenda API server running on port 3000","service":"grafenda-backend","timestamp":"2026-05-19T06:48:23.086Z"}
{"level":"info","message":"Socket.IO server running on port 5001","service":"grafenda-backend","timestamp":"2026-05-19T06:48:23.091Z"}
{"level":"info","message":"Grafenda API server running on port 3000","service":"grafenda-backend","timestamp":"2026-05-19T07:38:48.732Z"}
{"level":"info","message":"Socket.IO server running on port 5001","service":"grafenda-backend","timestamp":"2026-05-19T07:38:48.744Z"}
{"level":"info","message":"Grafenda API server running on port 3000","service":"grafenda-backend","timestamp":"2026-05-19T07:48:21.227Z"}
{"level":"info","message":"Socket.IO server running on port 5001","service":"grafenda-backend","timestamp":"2026-05-19T07:48:21.269Z"}
{"level":"info","message":"Grafenda API server running on port 3000","service":"grafenda-backend","timestamp":"2026-05-19T08:21:28.286Z"}
{"level":"info","message":"Socket.IO server running on port 5001","service":"grafenda-backend","timestamp":"2026-05-19T08:21:28.291Z"}
{"level":"info","message":"Grafenda API server running on port 3000","service":"grafenda-backend","timestamp":"2026-05-19T08:39:05.919Z"}
{"level":"info","message":"Socket.IO server running on port 5001","service":"grafenda-backend","timestamp":"2026-05-19T08:39:05.926Z"}
{"level":"info","message":"Grafenda API server running on port 3000","service":"grafenda-backend","timestamp":"2026-05-19T08:42:40.176Z"}
{"level":"info","message":"Socket.IO server running on port 5001","service":"grafenda-backend","timestamp":"2026-05-19T08:42:40.186Z"}
{"level":"info","message":"Grafenda API server running on port 3000","service":"grafenda-backend","timestamp":"2026-05-19T08:44:44.255Z"}
{"level":"info","message":"Socket.IO server running on port 5001","service":"grafenda-backend","timestamp":"2026-05-19T08:44:44.264Z"}
{"level":"info","message":"Grafenda API server running on port 3000","service":"grafenda-backend","timestamp":"2026-05-19T08:48:06.106Z"}
{"level":"info","message":"Socket.IO server running on port 5001","service":"grafenda-backend","timestamp":"2026-05-19T08:48:06.111Z"}
{"level":"info","message":"Grafenda API server running on port 3000","service":"grafenda-backend","timestamp":"2026-05-19T16:30:58.392Z"}
{"level":"info","message":"Socket.IO server running on port 5001","service":"grafenda-backend","timestamp":"2026-05-19T16:30:58.398Z"}
{"level":"info","message":"Grafenda API server running on port 3000","service":"grafenda-backend","timestamp":"2026-05-20T06:04:41.285Z"}
{"level":"info","message":"Socket.IO server running on port 5001","service":"grafenda-backend","timestamp":"2026-05-20T06:04:41.289Z"}
{"level":"info","message":"SIGINT received, shutting down gracefully","service":"grafenda-backend","timestamp":"2026-05-20T06:05:30.858Z"}
{"level":"info","message":"Grafenda API server running on port 3000","service":"grafenda-backend","timestamp":"2026-05-20T06:05:48.583Z"}
{"level":"info","message":"Socket.IO server running on port 5001","service":"grafenda-backend","timestamp":"2026-05-20T06:05:48.587Z"}
{"level":"info","message":"Grafenda API server running on port 3000","service":"grafenda-backend","timestamp":"2026-05-20T06:40:55.852Z"}
{"level":"info","message":"Socket.IO server running on port 5001","service":"grafenda-backend","timestamp":"2026-05-20T06:40:55.856Z"}
{"level":"info","message":"Grafenda API server running on port 3000","service":"grafenda-backend","timestamp":"2026-05-20T07:04:11.713Z"}
{"level":"info","message":"Socket.IO server running on port 5001","service":"grafenda-backend","timestamp":"2026-05-20T07:04:11.717Z"}
{"level":"info","message":"Grafenda API server running on port 3000","service":"grafenda-backend","timestamp":"2026-05-20T07:19:36.288Z"}
{"level":"info","message":"Socket.IO server attached to the same HTTP server","service":"grafenda-backend","timestamp":"2026-05-20T07:19:36.293Z"}
{"level":"info","message":"Grafenda API server running on port 3000","service":"grafenda-backend","timestamp":"2026-05-20T07:28:00.849Z"}
{"level":"info","message":"Socket.IO server attached to the same HTTP server","service":"grafenda-backend","timestamp":"2026-05-20T07:28:00.867Z"}
{"level":"info","message":"Grafenda API server running on port 3000","service":"grafenda-backend","timestamp":"2026-05-20T07:28:08.446Z"}
{"level":"info","message":"Socket.IO server attached to the same HTTP server","service":"grafenda-backend","timestamp":"2026-05-20T07:28:08.500Z"}
{"level":"info","message":"Grafenda API server running on port 3000","service":"grafenda-backend","timestamp":"2026-05-20T07:32:12.975Z"}
{"level":"info","message":"Socket.IO server running on port 5001","service":"grafenda-backend","timestamp":"2026-05-20T07:32:12.995Z"}
{"level":"info","message":"Grafenda API server running on port 3000","service":"grafenda-backend","timestamp":"2026-05-20T08:05:37.778Z"}
{"level":"info","message":"Socket.IO server running on port 5001","service":"grafenda-backend","timestamp":"2026-05-20T08:05:37.785Z"}
{"level":"info","message":"Grafenda API server running on port 3000","service":"grafenda-backend","timestamp":"2026-05-20T08:06:05.231Z"}
{"level":"info","message":"Socket.IO server running on port 5001","service":"grafenda-backend","timestamp":"2026-05-20T08:06:05.237Z"}
{"level":"info","message":"Grafenda API server running on port 3000","service":"grafenda-backend","timestamp":"2026-05-20T08:10:12.271Z"}
{"level":"info","message":"Socket.IO server running on port 5001","service":"grafenda-backend","timestamp":"2026-05-20T08:10:12.278Z"}
{"level":"info","message":"Grafenda API server running on port 3000","service":"grafenda-backend","timestamp":"2026-05-20T08:10:39.470Z"}
{"level":"info","message":"Socket.IO server running on port 5001","service":"grafenda-backend","timestamp":"2026-05-20T08:10:39.476Z"}
{"level":"info","message":"Grafenda API server running on port 3000","service":"grafenda-backend","timestamp":"2026-05-20T08:17:49.115Z"}
{"level":"info","message":"Socket.IO server running on port 5001","service":"grafenda-backend","timestamp":"2026-05-20T08:17:49.119Z"}
{"level":"info","message":"Grafenda API server running on port 3000","service":"grafenda-backend","timestamp":"2026-05-20T08:18:07.631Z"}
{"level":"info","message":"Socket.IO server running on port 5001","service":"grafenda-backend","timestamp":"2026-05-20T08:18:07.637Z"}
{"level":"info","message":"Grafenda API server running on port 3000","service":"grafenda-backend","timestamp":"2026-05-20T08:24:00.723Z"}
{"level":"info","message":"Socket.IO server running on port 5001","service":"grafenda-backend","timestamp":"2026-05-20T08:24:00.735Z"}
{"level":"info","message":"Grafenda API server running on port 3000","service":"grafenda-backend","timestamp":"2026-05-20T08:25:43.518Z"}
{"level":"info","message":"Socket.IO server running on port 5001","service":"grafenda-backend","timestamp":"2026-05-20T08:25:43.524Z"}
{"level":"info","message":"Grafenda API server running on port 3000","service":"grafenda-backend","timestamp":"2026-05-20T08:27:31.555Z"}
{"level":"info","message":"Socket.IO server running on port 5001","service":"grafenda-backend","timestamp":"2026-05-20T08:27:31.565Z"}
{"level":"info","message":"Grafenda API server running on port 3000","service":"grafenda-backend","timestamp":"2026-05-20T08:34:30.831Z"}
{"level":"info","message":"Socket.IO server running on port 5001","service":"grafenda-backend","timestamp":"2026-05-20T08:34:30.842Z"}
{"level":"info","message":"Grafenda API server running on port 3000","service":"grafenda-backend","timestamp":"2026-05-20T08:36:49.738Z"}
{"level":"info","message":"Socket.IO server running on port 5001","service":"grafenda-backend","timestamp":"2026-05-20T08:36:49.753Z"}
{"level":"info","message":"Grafenda API server running on port 3000","service":"grafenda-backend","timestamp":"2026-05-20T08:37:43.638Z"}
{"level":"info","message":"Socket.IO server running on port 5001","service":"grafenda-backend","timestamp":"2026-05-20T08:37:43.644Z"}
{"level":"info","message":"Grafenda API server running on port 3000","service":"grafenda-backend","timestamp":"2026-05-20T08:52:04.092Z"}
{"level":"info","message":"Socket.IO server running on port 5001","service":"grafenda-backend","timestamp":"2026-05-20T08:52:04.098Z"}
{"level":"info","message":"Grafenda API server running on port 3000","service":"grafenda-backend","timestamp":"2026-05-20T08:52:22.597Z"}
{"level":"info","message":"Socket.IO server running on port 5001","service":"grafenda-backend","timestamp":"2026-05-20T08:52:22.605Z"}
{"level":"info","message":"Grafenda API server running on port 3000","service":"grafenda-backend","timestamp":"2026-05-20T15:07:45.160Z"}
{"level":"info","message":"Socket.IO server running on port 5001","service":"grafenda-backend","timestamp":"2026-05-20T15:07:45.166Z"}
{"level":"info","message":"Grafenda API server running on port 3000","service":"grafenda-backend","timestamp":"2026-05-20T16:10:52.708Z"}
{"level":"info","message":"Socket.IO server running on port 5001","service":"grafenda-backend","timestamp":"2026-05-20T16:10:52.711Z"}
{"level":"info","message":"Grafenda API server running on port 3000","service":"grafenda-backend","timestamp":"2026-05-20T18:44:32.460Z"}
{"level":"info","message":"Socket.IO server running on port 5001","service":"grafenda-backend","timestamp":"2026-05-20T18:44:32.464Z"}
{"level":"info","message":"Grafenda API server running on port 3000","service":"grafenda-backend","timestamp":"2026-05-21T02:01:12.042Z"}
{"level":"info","message":"Socket.IO server running on port 5001","service":"grafenda-backend","timestamp":"2026-05-21T02:01:12.046Z"}
{"level":"info","message":"Grafenda API server running on port 3000","service":"grafenda-backend","timestamp":"2026-05-21T02:55:00.343Z"}
{"level":"info","message":"Socket.IO server running on port 5001","service":"grafenda-backend","timestamp":"2026-05-21T02:55:00.350Z"}
{"level":"info","message":"Grafenda API server running on port 3000","service":"grafenda-backend","timestamp":"2026-05-21T04:01:21.330Z"}
{"level":"info","message":"Socket.IO server running on port 5001","service":"grafenda-backend","timestamp":"2026-05-21T04:01:21.334Z"}
{"level":"info","message":"Grafenda API server running on port 3000","service":"grafenda-backend","timestamp":"2026-05-21T04:04:54.294Z"}
{"level":"info","message":"Socket.IO server running on port 5001","service":"grafenda-backend","timestamp":"2026-05-21T04:04:54.299Z"}
{"level":"info","message":"Grafenda API server running on port 3000","service":"grafenda-backend","timestamp":"2026-05-21T04:15:45.399Z"}
{"level":"info","message":"Socket.IO server running on port 5001","service":"grafenda-backend","timestamp":"2026-05-21T04:15:45.405Z"}
{"level":"info","message":"Grafenda API server running on port 3000","service":"grafenda-backend","timestamp":"2026-05-21T04:17:29.598Z"}
{"level":"info","message":"Socket.IO server running on port 5001","service":"grafenda-backend","timestamp":"2026-05-21T04:17:29.602Z"}
{"level":"info","message":"Grafenda API server running on port 3000","service":"grafenda-backend","timestamp":"2026-05-21T04:20:26.984Z"}
{"level":"info","message":"Socket.IO server running on port 5001","service":"grafenda-backend","timestamp":"2026-05-21T04:20:26.997Z"}
{"level":"info","message":"SIGINT received, shutting down gracefully","service":"grafenda-backend","timestamp":"2026-05-21T04:22:21.096Z"}
{"level":"info","message":"Grafenda API server running on port 3000","service":"grafenda-backend","timestamp":"2026-05-21T04:22:37.848Z"}
{"level":"info","message":"Socket.IO server running on port 5001","service":"grafenda-backend","timestamp":"2026-05-21T04:22:37.856Z"}
{"level":"info","message":"Grafenda API server running on port 3000","service":"grafenda-backend","timestamp":"2026-05-21T04:27:59.687Z"}
{"level":"info","message":"Socket.IO server running on port 5001","service":"grafenda-backend","timestamp":"2026-05-21T04:27:59.706Z"}
